<beans xmlns="http://www.springframework.org/schema/beans"
       xmlns:xsi="http://www.w3.org/2001/XMLSchema-instance"
       xmlns:context="http://www.springframework.org/schema/context"
       xmlns:tx="http://www.springframework.org/schema/tx" xmlns:p="http://www.springframework.org/schema/p"
       xmlns:util="http://www.springframework.org/schema/util"
       xsi:schemaLocation="http://www.springframework.org/schema/beans
                            http://www.springframework.org/schema/beans/spring-beans-4.0.xsd
                            http://www.springframework.org/schema/context
                            http://www.springframework.org/schema/context/spring-context-4.0.xsd
                            http://www.springframework.org/schema/tx
                             http://www.springframework.org/schema/tx/spring-tx-4.0.xsd
                            http://www.springframework.org/schema/util
                            http://www.springframework.org/schema/util/spring-util-4.0.xsd">

    <context:annotation-config />


    <bean id="persistenceExceptionTranslationPostProcessor"
          class="org.springframework.dao.annotation.PersistenceExceptionTranslationPostProcessor"/>


    <tx:annotation-driven transaction-manager="txManager" />

    <context:component-scan base-package="by.nc.teamone.dba"/>

    <bean id="txManager"  class="org.springframework.orm.hibernate5.HibernateTransactionManager">
        <property name="sessionFactory" ref="sessionFactory" />
    </bean>

    <bean id="userDAO" class="by.nc.teamone.dba.dao.impl.UserDAOImpl"/>

    <bean id="dataSource" class="org.apache.commons.dbcp.BasicDataSource">
        <property name="url" value="jdbc:mysql://localhost:3306/hotel?useSSL=false"/>
        <property name="username" value="root"/>
        <property name="password" value="1234"/>
        <property name="driverClassName" value="com.mysql.jdbc.Driver"/>
        <property name="initialSize" value="5"/>
        <property name="maxActive" value="10"/>
    </bean>

    <bean id="sessionFactory"
          class="org.springframework.orm.hibernate5.LocalSessionFactoryBean"
          p:dataSource-ref="dataSource"
          p:packagesToScan="by.nc.teamone.entities"
          p:hibernateProperties-ref="hibernateProperties"/>

    <util:properties id = "hibernateProperties">
        <prop key="hibernate.dialect">org.hibernate.dialect.MySQLDialect</prop>
        <prop key="hibernate.connection.isolation">2</prop>
        <prop key="hibernate.hbm2ddl.auto">create</prop>
        <prop key="hibernate.show_sql">true</prop>
        <prop key="hibernate.format_sql">true</prop>
    </util:properties>
</beans>