<beans xmlns="http://www.springframework.org/schema/beans"
       xmlns:xsi="http://www.w3.org/2001/XMLSchema-instance"
       xmlns:context="http://www.springframework.org/schema/context"
       xmlns:tx="http://www.springframework.org/schema/tx" xmlns:p="http://www.springframework.org/schema/p"
       xmlns:util="http://www.springframework.org/schema/util"
       xsi:schemaLocation="http://www.springframework.org/schema/beans
                            http://www.springframework.org/schema/beans/spring-beans-4.0.xsd
                            http://www.springframework.org/schema/context
                            http://www.springframework.org/schema/context/spring-context-4.0.xsd
                            http://www.springframework.org/schema/tx
                             http://www.springframework.org/schema/tx/spring-tx-4.0.xsd
                            http://www.springframework.org/schema/util
                            http://www.springframework.org/schema/util/spring-util-4.0.xsd">

    <context:annotation-config />


    <bean id="persistenceExceptionTranslationPostProcessor"
          class="org.springframework.dao.annotation.PersistenceExceptionTranslationPostProcessor"/>

    <tx:annotation-driven transaction-manager="txManager" />
    <import resource="classpath*:hiber-config.xml"/>

    <context:component-scan base-package="by.nc.teamone.dba"/>

    <bean id="txManager"  class="org.springframework.orm.hibernate5.HibernateTransactionManager">
        <property name="sessionFactory" ref="sessionFactory" />
    </bean>




</beans>